\BOOKMARK [0][-]{chapter.1}{\376\377\000M\000a\000t\000e\000r\000i\000a}{}% 1
\BOOKMARK [1][-]{section.1.1}{\376\377\000F\000u\000n\000d\000a\000m\000e\000n\000t\000o\000s\000\040\000d\000e\000\040\000S\000i\000s\000t\000e\000m\000a\000\040\000O\000p\000e\000r\000a\000t\000i\000v\000o}{chapter.1}% 2
\BOOKMARK [1][-]{section.1.2}{\376\377\000E\000j\000e\000m\000p\000l\000o\000s}{chapter.1}% 3
\BOOKMARK [1][-]{section.1.3}{\376\377\000F\000r\000e\000e\000\040\000S\000o\000f\000t\000w\000a\000r\000e\000\040\000F\000u\000n\000d\000a\000t\000i\000o\000n}{chapter.1}% 4
\BOOKMARK [1][-]{section.1.4}{\376\377\000L\000i\000b\000e\000r\000t\000a\000d\000e\000s\000\040\000d\000e\000\040\000S\000o\000f\000t\000w\000a\000r\000e}{chapter.1}% 5
\BOOKMARK [1][-]{section.1.5}{\376\377\000V\000i\000r\000t\000u\000a\000l\000i\000z\000a\000c\000i\000\363\000n}{chapter.1}% 6
\BOOKMARK [1][-]{section.1.6}{\376\377\000T\000i\000p\000o\000s\000\040\000d\000e\000\040\000S\000.\000O}{chapter.1}% 7
\BOOKMARK [1][-]{section.1.7}{\376\377\000V\000i\000d\000e\000o}{chapter.1}% 8
\BOOKMARK [1][-]{section.1.8}{\376\377\000F\000e\000a\000t\000u\000r\000e\000s\000\040\000o\000f\000\040\000o\000p\000e\000r\000a\000t\000i\000n\000g\000\040\000s\000y\000s\000t\000e\000m}{chapter.1}% 9
\BOOKMARK [2][-]{subsection.1.8.1}{\376\377\000T\000i\000p\000o\000s\000\040\000d\000e\000\040\000K\000e\000r\000n\000e\000l}{section.1.8}% 10
\BOOKMARK [2][-]{subsection.1.8.2}{\376\377\000A\000r\000q\000u\000i\000t\000e\000c\000t\000u\000r\000a\000\040\000A\000n\000d\000r\000o\000i\000d}{section.1.8}% 11
\BOOKMARK [2][-]{subsection.1.8.3}{\376\377\000A\000r\000q\000u\000i\000t\000e\000c\000t\000u\000r\000a\000\040\000I\000O\000S}{section.1.8}% 12
\BOOKMARK [2][-]{subsection.1.8.4}{\376\377\000A\000r\000q\000u\000i\000t\000e\000c\000t\000u\000r\000a\000\040\000M\000a\000c\000O\000s}{section.1.8}% 13
\BOOKMARK [1][-]{section.1.9}{\376\377\000C\000l\000a\000s\000i\000f\000i\000c\000a\000c\000i\000\363\000n\000\040\000d\000e\000\040\000l\000o\000s\000\040\000S\000i\000s\000t\000e\000m\000a\000s\000\040\000O\000p\000e\000r\000a\000t\000i\000v\000o\000s}{chapter.1}% 14
\BOOKMARK [2][-]{subsection.1.9.1}{\376\377\000S\000i\000s\000t\000e\000m\000a\000s\000\040\000d\000e\000\040\000a\000r\000c\000h\000i\000v\000o\000s\000\040\000l\000i\000n\000u\000x}{section.1.9}% 15
\BOOKMARK [1][-]{section.1.10}{\376\377\000R\000e\000f\000l\000e\000x\000i\000o\000n}{chapter.1}% 16
\BOOKMARK [1][-]{section.1.11}{\376\377\000T\000i\000p\000o\000s\000\040\000d\000e\000\040\000k\000e\000r\000n\000e\000r}{chapter.1}% 17
\BOOKMARK [2][-]{subsection.1.11.1}{\376\377\000\277\000Q\000u\000\351\000\040\000e\000s\000\040\000I\000P\000C\000?}{section.1.11}% 18
\BOOKMARK [1][-]{section.1.12}{\376\377\000V\000i\000d\000e\000o\000\040\000S\000t\000e\000v\000e\000\040\000J\000o\000b\000s}{chapter.1}% 19
\BOOKMARK [1][-]{section.1.13}{\376\377\000T\000i\000p\000o\000s\000\040\000d\000e\000\040\000S\000i\000s\000t\000e\000m\000a\000s\000\040\000O\000p\000e\000r\000a\000t\000i\000v\000o\000s}{chapter.1}% 20
\BOOKMARK [2][-]{subsection.1.13.1}{\376\377\000V\000F\000S}{section.1.13}% 21
\BOOKMARK [2][-]{subsection.1.13.2}{\376\377\000O\000p\000e\000n\000\040\000S\000o\000u\000r\000c\000e\000\040\000S\000o\000f\000t\000w\000a\000r\000e}{section.1.13}% 22
\BOOKMARK [2][-]{subsection.1.13.3}{\376\377\000B\000i\000o\000g\000r\000a\000f\000\355\000a\000\040\000d\000e\000\040\000S\000t\000e\000v\000e\000\040\000J\000o\000b\000s}{section.1.13}% 23
\BOOKMARK [2][-]{subsection.1.13.4}{\376\377\000B\000i\000o\000g\000r\000a\000f\000\355\000a\000\040\000d\000e\000\040\000B\000i\000l\000l\000\040\000G\000a\000t\000e\000s}{section.1.13}% 24
\BOOKMARK [1][-]{section.1.14}{\376\377\000C\000o\000n\000c\000e\000p\000t\000o\000s\000\040\000c\000l\000a\000v\000e\000\040\000-\000\040\000A\000c\000r\000\363\000n\000i\000m\000o\000s}{chapter.1}% 25
\BOOKMARK [1][-]{section.1.15}{\376\377\000P\000r\000o\000g\000r\000a\000m\000a\000c\000i\000\363\000n\000\040\000e\000n\000\040\000S\000h\000e\000l\000l\000\040\000S\000c\000r\000i\000p\000t}{chapter.1}% 26
\BOOKMARK [2][-]{subsection.1.15.1}{\376\377\000O\000p\000e\000r\000a\000d\000o\000r\000e\000s\000\040\000d\000e\000\040\000c\000o\000m\000p\000a\000r\000a\000c\000i\000\363\000n}{section.1.15}% 27
\BOOKMARK [2][-]{subsection.1.15.2}{\376\377\000E\000j\000e\000r\000c\000i\000c\000i\000o\000\040\0001}{section.1.15}% 28
\BOOKMARK [2][-]{subsection.1.15.3}{\376\377\000E\000j\000e\000r\000c\000i\000c\000i\000o\000\040\0002}{section.1.15}% 29
\BOOKMARK [2][-]{subsection.1.15.4}{\376\377\000E\000j\000e\000r\000c\000i\000c\000i\000o\000\040\0003}{section.1.15}% 30
\BOOKMARK [2][-]{subsection.1.15.5}{\376\377\000E\000j\000e\000r\000c\000i\000c\000i\000o\000\040\0004}{section.1.15}% 31
\BOOKMARK [2][-]{subsection.1.15.6}{\376\377\000E\000j\000e\000r\000c\000i\000c\000i\000o\000\040\0005}{section.1.15}% 32
\BOOKMARK [1][-]{section.1.16}{\376\377\000P\000r\000o\000c\000e\000s\000o\000\040\000d\000e\000\040\000A\000r\000r\000a\000n\000q\000u\000e\000\040\000e\000n\000\040\000L\000i\000n\000u\000x}{chapter.1}% 33
\BOOKMARK [1][-]{section.1.17}{\376\377\000B\000a\000s\000i\000c\000\040\000C\000a\000l\000c\000u\000l\000a\000t\000o\000r}{chapter.1}% 34
\BOOKMARK [2][-]{subsection.1.17.1}{\376\377\000E\000j\000e\000r\000c\000i\000c\000i\000o\0001}{section.1.17}% 35
\BOOKMARK [2][-]{subsection.1.17.2}{\376\377\000E\000j\000e\000r\000c\000i\000c\000i\000o\0002}{section.1.17}% 36
\BOOKMARK [2][-]{subsection.1.17.3}{\376\377\000E\000j\000e\000r\000c\000i\000c\000i\000o\0003}{section.1.17}% 37
\BOOKMARK [2][-]{subsection.1.17.4}{\376\377\000E\000j\000e\000r\000c\000i\000c\000i\000o\0004}{section.1.17}% 38
\BOOKMARK [1][-]{section.1.18}{\376\377\000R\000e\000p\000a\000s\000o\000\040\000P\000r\000u\000e\000b\000a}{chapter.1}% 39
\BOOKMARK [2][-]{subsection.1.18.1}{\376\377\000P\000a\000r\000t\000e\000\040\000T\000e\000\363\000r\000i\000c\000a}{section.1.18}% 40
\BOOKMARK [2][-]{subsection.1.18.2}{\376\377\000P\000a\000r\000t\000e\000\040\000P\000r\000a\000c\000t\000i\000c\000a}{section.1.18}% 41
\BOOKMARK [0][-]{chapter.2}{\376\377\000C\000o\000n\000s\000u\000l\000t\000a\000s}{}% 42
\BOOKMARK [1][-]{section.2.1}{\376\377\000C\000o\000n\000s\000u\000l\000t\000a\000\040\0001}{chapter.2}% 43
\BOOKMARK [2][-]{subsection.2.1.1}{\376\377\000B\000i\000o\000g\000r\000a\000f\000\355\000a\000\040\000D\000e\000n\000n\000i\000s\000\040\000R\000i\000t\000c\000h\000i\000e}{section.2.1}% 44
\BOOKMARK [2][-]{subsection.2.1.2}{\376\377\000B\000i\000o\000g\000r\000a\000f\000\355\000a\000\040\000L\000i\000n\000u\000s\000\040\000T\000o\000r\000v\000a\000l\000d\000s}{section.2.1}% 45
\BOOKMARK [2][-]{subsection.2.1.3}{\376\377\000B\000i\000o\000g\000r\000a\000f\000\355\000a\000\040\000R\000i\000c\000h\000a\000r\000d\000\040\000S\000t\000a\000l\000l\000m\000a\000n}{section.2.1}% 46
\BOOKMARK [1][-]{section.2.2}{\376\377\000C\000o\000n\000s\000u\000l\000t\000a\000\040\0002}{chapter.2}% 47
\BOOKMARK [2][-]{subsection.2.2.1}{\376\377\000A\000r\000q\000u\000i\000t\000e\000c\000t\000u\000r\000a\000\040\000A\000n\000d\000r\000o\000i\000d}{section.2.2}% 48
\BOOKMARK [2][-]{subsection.2.2.2}{\376\377\000A\000r\000q\000u\000i\000t\000e\000c\000t\000u\000r\000a\000\040\000I\000O\000S}{section.2.2}% 49
\BOOKMARK [2][-]{subsection.2.2.3}{\376\377\000A\000r\000q\000u\000i\000t\000e\000c\000t\000u\000r\000a\000\040\000M\000a\000c\000O\000s}{section.2.2}% 50
\BOOKMARK [0][-]{chapter.3}{\376\377\000T\000a\000r\000e\000a\000s}{}% 51
\BOOKMARK [1][-]{section.3.1}{\376\377\000T\000a\000r\000e\000a\000\040\0001}{chapter.3}% 52
\BOOKMARK [2][-]{subsection.3.1.1}{\376\377\0001\0000\000\040\000P\000r\000o\000g\000r\000a\000m\000a\000s\000\040\000q\000u\000e\000\040\000a\000u\000t\000o\000m\000a\000t\000i\000c\000e\000n\000\040\000p\000r\000o\000c\000e\000s\000o\000s}{section.3.1}% 53
\BOOKMARK [2][-]{subsection.3.1.2}{\376\377\000E\000j\000e\000r\000c\000i\000c\000i\000o\000\040\0001}{section.3.1}% 54
\BOOKMARK [2][-]{subsection.3.1.3}{\376\377\000E\000j\000e\000r\000c\000i\000c\000i\000o\000\040\0002}{section.3.1}% 55
\BOOKMARK [2][-]{subsection.3.1.4}{\376\377\000E\000j\000e\000r\000c\000i\000c\000i\000o\000\040\0003}{section.3.1}% 56
\BOOKMARK [2][-]{subsection.3.1.5}{\376\377\000E\000j\000e\000r\000c\000i\000c\000i\000o\000\040\0004}{section.3.1}% 57
\BOOKMARK [2][-]{subsection.3.1.6}{\376\377\000E\000j\000e\000r\000c\000i\000c\000i\000o\000\040\0005}{section.3.1}% 58
\BOOKMARK [2][-]{subsection.3.1.7}{\376\377\000E\000j\000e\000r\000c\000i\000c\000i\000o\000\040\0006}{section.3.1}% 59
\BOOKMARK [2][-]{subsection.3.1.8}{\376\377\000E\000j\000e\000r\000c\000i\000c\000i\000o\000\040\0007}{section.3.1}% 60
\BOOKMARK [2][-]{subsection.3.1.9}{\376\377\000E\000j\000e\000r\000c\000i\000c\000i\000o\000\040\0008}{section.3.1}% 61
\BOOKMARK [2][-]{subsection.3.1.10}{\376\377\000E\000j\000e\000r\000c\000i\000c\000i\000o\000\040\0009}{section.3.1}% 62
\BOOKMARK [2][-]{subsection.3.1.11}{\376\377\000E\000j\000e\000r\000c\000i\000c\000i\000o\000\040\0001\0000}{section.3.1}% 63
\BOOKMARK [1][-]{section.3.2}{\376\377\000T\000a\000r\000e\000a\000\040\0002}{chapter.3}% 64
\BOOKMARK [2][-]{subsection.3.2.1}{\376\377\000E\000j\000e\000r\000c\000i\000c\000i\000o\000s\000\040\000d\000e\000\040\000p\000r\000o\000g\000r\000a\000m\000a\000c\000i\000\363\000n\000\040\000e\000n\000\040\000S\000h\000e\000l\000l\000\040\000c\000o\000n\000\040\000w\000h\000i\000l\000e\000,\000\040\000i\000f}{section.3.2}% 65
\BOOKMARK [2][-]{subsection.3.2.2}{\376\377\000E\000j\000e\000r\000c\000i\000c\000i\000o\000\040\0001}{section.3.2}% 66
\BOOKMARK [2][-]{subsection.3.2.3}{\376\377\000E\000j\000e\000r\000c\000i\000c\000i\000o\000\040\0002}{section.3.2}% 67
\BOOKMARK [2][-]{subsection.3.2.4}{\376\377\000E\000j\000e\000r\000c\000i\000c\000i\000o\000\040\0003}{section.3.2}% 68
\BOOKMARK [2][-]{subsection.3.2.5}{\376\377\000E\000j\000e\000r\000c\000i\000c\000i\000o\000\040\0004}{section.3.2}% 69
\BOOKMARK [2][-]{subsection.3.2.6}{\376\377\000E\000j\000e\000r\000c\000i\000c\000i\000o\000\040\0005}{section.3.2}% 70
\BOOKMARK [2][-]{subsection.3.2.7}{\376\377\000E\000j\000e\000r\000c\000i\000c\000i\000o\000\040\0006}{section.3.2}% 71
\BOOKMARK [2][-]{subsection.3.2.8}{\376\377\000E\000j\000e\000r\000c\000i\000c\000i\000o\000\040\0007}{section.3.2}% 72
\BOOKMARK [2][-]{subsection.3.2.9}{\376\377\000E\000j\000e\000r\000c\000i\000c\000i\000o\000\040\0008}{section.3.2}% 73
\BOOKMARK [2][-]{subsection.3.2.10}{\376\377\000E\000j\000e\000r\000c\000i\000c\000i\000o\000\040\0009}{section.3.2}% 74
\BOOKMARK [2][-]{subsection.3.2.11}{\376\377\000E\000j\000e\000r\000c\000i\000c\000i\000o\000\040\0001\0000}{section.3.2}% 75
\BOOKMARK [2][-]{subsection.3.2.12}{\376\377\000E\000j\000e\000r\000c\000i\000c\000i\000o\000\040\0001\0001}{section.3.2}% 76
\BOOKMARK [2][-]{subsection.3.2.13}{\376\377\000E\000j\000e\000r\000c\000i\000c\000i\000o\000\040\0001\0002}{section.3.2}% 77
\BOOKMARK [2][-]{subsection.3.2.14}{\376\377\000E\000j\000e\000r\000c\000i\000c\000i\000o\000\040\0001\0003}{section.3.2}% 78
\BOOKMARK [2][-]{subsection.3.2.15}{\376\377\000E\000j\000e\000r\000c\000i\000c\000i\000o\000\040\0001\0004}{section.3.2}% 79
\BOOKMARK [2][-]{subsection.3.2.16}{\376\377\000E\000j\000e\000r\000c\000i\000c\000i\000o\000\040\0001\0005}{section.3.2}% 80
\BOOKMARK [1][-]{section.3.3}{\376\377\000T\000a\000r\000e\000a\000\040\0003}{chapter.3}% 81
\BOOKMARK [2][-]{subsection.3.3.1}{\376\377\000E\000j\000e\000r\000c\000i\000c\000i\000o\000s\000\040\000d\000e\000\040\000s\000e\000r\000i\000e\000s}{section.3.3}% 82
\BOOKMARK [2][-]{subsection.3.3.2}{\376\377\000E\000j\000e\000r\000c\000i\000c\000i\000o\000\040\0001}{section.3.3}% 83
\BOOKMARK [2][-]{subsection.3.3.3}{\376\377\000E\000j\000e\000r\000c\000i\000c\000i\000o\000\040\0002}{section.3.3}% 84
\BOOKMARK [2][-]{subsection.3.3.4}{\376\377\000E\000j\000e\000r\000c\000i\000c\000i\000o\000\040\0003}{section.3.3}% 85
\BOOKMARK [2][-]{subsection.3.3.5}{\376\377\000E\000j\000e\000r\000c\000i\000c\000i\000o\000\040\0004}{section.3.3}% 86
\BOOKMARK [2][-]{subsection.3.3.6}{\376\377\000E\000j\000e\000r\000c\000i\000c\000i\000o\000\040\0005}{section.3.3}% 87
\BOOKMARK [2][-]{subsection.3.3.7}{\376\377\000E\000j\000e\000r\000c\000i\000c\000i\000o\000\040\0006}{section.3.3}% 88
\BOOKMARK [2][-]{subsection.3.3.8}{\376\377\000E\000j\000e\000r\000c\000i\000c\000i\000o\000\040\0007}{section.3.3}% 89
\BOOKMARK [2][-]{subsection.3.3.9}{\376\377\000E\000j\000e\000r\000c\000i\000c\000i\000o\000\040\0008}{section.3.3}% 90
\BOOKMARK [2][-]{subsection.3.3.10}{\376\377\000E\000j\000e\000r\000c\000i\000c\000i\000o\000\040\0009}{section.3.3}% 91
\BOOKMARK [2][-]{subsection.3.3.11}{\376\377\000E\000j\000e\000r\000c\000i\000c\000i\000o\000\040\0001\0000}{section.3.3}% 92
\BOOKMARK [1][-]{section.3.4}{\376\377\000T\000a\000r\000e\000a\000\040\0004}{chapter.3}% 93
\BOOKMARK [2][-]{subsection.3.4.1}{\376\377\000P\000e\000r\000m\000i\000s\000o\000s\000\040\000n\000u\000m\000e\000r\000i\000c\000o\000s}{section.3.4}% 94
\BOOKMARK [2][-]{subsection.3.4.2}{\376\377\000E\000j\000e\000r\000c\000i\000c\000i\000o\000\040\0001}{section.3.4}% 95
\BOOKMARK [2][-]{subsection.3.4.3}{\376\377\000E\000j\000e\000r\000c\000i\000c\000i\000o\000\040\0002}{section.3.4}% 96
\BOOKMARK [2][-]{subsection.3.4.4}{\376\377\000E\000j\000e\000r\000c\000i\000c\000i\000o\000\040\0003}{section.3.4}% 97
\BOOKMARK [2][-]{subsection.3.4.5}{\376\377\000E\000j\000e\000r\000c\000i\000c\000i\000o\000\040\0004}{section.3.4}% 98
\BOOKMARK [2][-]{subsection.3.4.6}{\376\377\000E\000j\000e\000r\000c\000i\000c\000i\000o\000\040\0005}{section.3.4}% 99
\BOOKMARK [2][-]{subsection.3.4.7}{\376\377\000E\000j\000e\000r\000c\000i\000c\000i\000o\000\040\0006}{section.3.4}% 100
\BOOKMARK [2][-]{subsection.3.4.8}{\376\377\000E\000j\000e\000r\000c\000i\000c\000i\000o\000\040\0007}{section.3.4}% 101
\BOOKMARK [2][-]{subsection.3.4.9}{\376\377\000E\000j\000e\000r\000c\000i\000c\000i\000o\000\040\0008}{section.3.4}% 102
\BOOKMARK [2][-]{subsection.3.4.10}{\376\377\000E\000j\000e\000r\000c\000i\000c\000i\000o\000\040\0009}{section.3.4}% 103
\BOOKMARK [2][-]{subsection.3.4.11}{\376\377\000E\000j\000e\000r\000c\000i\000c\000i\000o\000\040\0001\0000}{section.3.4}% 104
\BOOKMARK [1][-]{section.3.5}{\376\377\000T\000a\000r\000e\000a\000\040\0005}{chapter.3}% 105
\BOOKMARK [2][-]{subsection.3.5.1}{\376\377\000P\000e\000r\000m\000i\000s\000o\000s\000\040\000S\000i\000m\000b\000o\000l\000i\000c\000o\000s}{section.3.5}% 106
\BOOKMARK [2][-]{subsection.3.5.2}{\376\377\000E\000j\000e\000r\000c\000i\000c\000i\000o\000\040\0001}{section.3.5}% 107
\BOOKMARK [2][-]{subsection.3.5.3}{\376\377\000E\000j\000e\000r\000c\000i\000c\000i\000o\000\040\0002}{section.3.5}% 108
\BOOKMARK [2][-]{subsection.3.5.4}{\376\377\000E\000j\000e\000r\000c\000i\000c\000i\000o\000\040\0003}{section.3.5}% 109
\BOOKMARK [2][-]{subsection.3.5.5}{\376\377\000E\000j\000e\000r\000c\000i\000c\000i\000o\000\040\0004}{section.3.5}% 110
\BOOKMARK [2][-]{subsection.3.5.6}{\376\377\000E\000j\000e\000r\000c\000i\000c\000i\000o\000\040\0005}{section.3.5}% 111
\BOOKMARK [2][-]{subsection.3.5.7}{\376\377\000E\000j\000e\000r\000c\000i\000c\000i\000o\000\040\0006}{section.3.5}% 112
\BOOKMARK [2][-]{subsection.3.5.8}{\376\377\000E\000j\000e\000r\000c\000i\000c\000i\000o\000\040\0007}{section.3.5}% 113
\BOOKMARK [2][-]{subsection.3.5.9}{\376\377\000E\000j\000e\000r\000c\000i\000c\000i\000o\000\040\0008}{section.3.5}% 114
\BOOKMARK [2][-]{subsection.3.5.10}{\376\377\000E\000j\000e\000r\000c\000i\000c\000i\000o\000\040\0009}{section.3.5}% 115
\BOOKMARK [2][-]{subsection.3.5.11}{\376\377\000E\000j\000e\000r\000c\000i\000c\000i\000o\000\040\0001\0000}{section.3.5}% 116
\BOOKMARK [1][-]{section.3.6}{\376\377\000T\000a\000r\000e\000a\000\040\0006}{chapter.3}% 117
\BOOKMARK [2][-]{subsection.3.6.1}{\376\377\000E\000j\000e\000r\000c\000i\000c\000i\000o\000s\000\040\000c\000o\000n\000\040\000F\000u\000n\000c\000i\000o\000n\000e\000s}{section.3.6}% 118
\BOOKMARK [2][-]{subsection.3.6.2}{\376\377\000E\000j\000e\000r\000c\000i\000c\000i\000o\000\040\0001}{section.3.6}% 119
\BOOKMARK [2][-]{subsection.3.6.3}{\376\377\000E\000j\000e\000r\000c\000i\000c\000i\000o\000\040\0002}{section.3.6}% 120
\BOOKMARK [2][-]{subsection.3.6.4}{\376\377\000E\000j\000e\000r\000c\000i\000c\000i\000o\000\040\0003}{section.3.6}% 121
\BOOKMARK [2][-]{subsection.3.6.5}{\376\377\000E\000j\000e\000r\000c\000i\000c\000i\000o\000\040\0004}{section.3.6}% 122
\BOOKMARK [2][-]{subsection.3.6.6}{\376\377\000E\000j\000e\000r\000c\000i\000c\000i\000o\000\040\0005}{section.3.6}% 123
\BOOKMARK [2][-]{subsection.3.6.7}{\376\377\000E\000j\000e\000r\000c\000i\000c\000i\000o\000\040\0006}{section.3.6}% 124
\BOOKMARK [2][-]{subsection.3.6.8}{\376\377\000E\000j\000e\000r\000c\000i\000c\000i\000o\000\040\0007}{section.3.6}% 125
\BOOKMARK [2][-]{subsection.3.6.9}{\376\377\000E\000j\000e\000r\000c\000i\000c\000i\000o\000\040\0008}{section.3.6}% 126
\BOOKMARK [2][-]{subsection.3.6.10}{\376\377\000E\000j\000e\000r\000c\000i\000c\000i\000o\000\040\0009}{section.3.6}% 127
\BOOKMARK [2][-]{subsection.3.6.11}{\376\377\000E\000j\000e\000r\000c\000i\000c\000i\000o\000\040\0001\0000}{section.3.6}% 128
\BOOKMARK [0][-]{chapter.4}{\376\377\000L\000a\000b\000o\000r\000a\000t\000o\000r\000i\000o\000s}{}% 129
\BOOKMARK [1][-]{section.4.1}{\376\377\000L\000a\000b\000o\000r\000a\000t\000o\000r\000i\000o\000\040\0001}{chapter.4}% 130
\BOOKMARK [2][-]{subsection.4.1.1}{\376\377\000T\000e\000m\000a\000:\000\040\000I\000n\000s\000t\000a\000l\000a\000c\000i\000\363\000n\000,\000\040\000c\000o\000n\000f\000i\000g\000u\000r\000a\000c\000i\000\363\000n\000\040\000y\000\040\000c\000r\000e\000a\000c\000i\000\363\000n\000\040\000d\000e\000\040\000u\000n\000a\000\040\000m\000\341\000q\000u\000i\000n\000a\000\040\000v\000i\000r\000t\000u\000a\000l}{section.4.1}% 131
\BOOKMARK [1][-]{section.4.2}{\376\377\000L\000a\000b\000o\000r\000a\000t\000o\000r\000i\000o\000\040\0002}{chapter.4}% 132
\BOOKMARK [2][-]{subsection.4.2.1}{\376\377\000C\000o\000m\000a\000n\000d\000o\000s\000\040\000b\000\341\000s\000i\000c\000o\000s\000\040\000d\000e\000\040\000L\000i\000n\000u\000x}{section.4.2}% 133
\BOOKMARK [1][-]{section.4.3}{\376\377\000\040\000L\000a\000b\000o\000r\000a\000t\000o\000r\000i\000o\000\040\0003}{chapter.4}% 134
\BOOKMARK [2][-]{subsection.4.3.1}{\376\377\000G\000e\000s\000t\000i\000\363\000n\000\040\000d\000e\000\040\000a\000r\000c\000h\000i\000v\000o\000s\000\040\000y\000\040\000d\000i\000r\000e\000c\000t\000o\000r\000i\000o\000s\000\040\000e\000n\000\040\000L\000i\000n\000u\000x}{section.4.3}% 135
\BOOKMARK [1][-]{section.4.4}{\376\377\000\040\000L\000a\000b\000o\000r\000a\000t\000o\000r\000i\000o\000\040\0004}{chapter.4}% 136
\BOOKMARK [2][-]{subsection.4.4.1}{\376\377\000P\000r\000o\000g\000r\000a\000m\000a\000c\000i\000\363\000n\000\040\000e\000n\000\040\000S\000h\000e\000l\000l\000\040\000S\000c\000r\000i\000p\000t}{section.4.4}% 137
\BOOKMARK [1][-]{section.4.5}{\376\377\000L\000a\000b\000o\000r\000a\000t\000o\000r\000i\000o\000\040\0005}{chapter.4}% 138
\BOOKMARK [2][-]{subsection.4.5.1}{\376\377\000T\000e\000m\000a\000:\000\040\000P\000e\000r\000m\000i\000s\000o\000s\000\040\000d\000e\000\040\000a\000r\000c\000h\000i\000v\000o\000s\000\040\000y\000\040\000d\000i\000r\000e\000c\000t\000o\000r\000i\000o\000s}{section.4.5}% 139
\BOOKMARK [2][-]{subsection.4.5.2}{\376\377\000F\000u\000n\000c\000i\000o\000n\000e\000s\000\040\000e\000n\000\040\000L\000i\000n\000u\000x\000\040\000S\000h\000e\000l\000l}{section.4.5}% 140
\BOOKMARK [0][-]{chapter.5}{\376\377\000R\000e\000f\000e\000r\000e\000n\000c\000i\000a\000s}{}% 141
\BOOKMARK [1][-]{section.5.1}{\376\377\000R\000e\000f\000e\000r\000e\000n\000c\000i\000a\000\040\000C\000a\000p\000\355\000t\000u\000l\000o\000\040\0001}{chapter.5}% 142
