\BOOKMARK [0][-]{chapter.1}{\376\377\000T\000a\000r\000e\000a\000s}{}% 1
\BOOKMARK [1][-]{section.1.1}{\376\377\000T\000a\000r\000e\000a\000\040\0001}{chapter.1}% 2
\BOOKMARK [2][-]{subsection.1.1.1}{\376\377\0001\0000\000\040\000P\000r\000o\000g\000r\000a\000m\000a\000s\000\040\000q\000u\000e\000\040\000a\000u\000t\000o\000m\000a\000t\000i\000c\000e\000n\000\040\000p\000r\000o\000c\000e\000s\000o\000s}{section.1.1}% 3
\BOOKMARK [2][-]{subsection.1.1.2}{\376\377\000E\000j\000e\000r\000c\000i\000c\000i\000o\000\040\0001}{section.1.1}% 4
\BOOKMARK [2][-]{subsection.1.1.3}{\376\377\000E\000j\000e\000r\000c\000i\000c\000i\000o\000\040\0002}{section.1.1}% 5
\BOOKMARK [2][-]{subsection.1.1.4}{\376\377\000E\000j\000e\000r\000c\000i\000c\000i\000o\000\040\0003}{section.1.1}% 6
\BOOKMARK [2][-]{subsection.1.1.5}{\376\377\000E\000j\000e\000r\000c\000i\000c\000i\000o\000\040\0004}{section.1.1}% 7
\BOOKMARK [2][-]{subsection.1.1.6}{\376\377\000E\000j\000e\000r\000c\000i\000c\000i\000o\000\040\0005}{section.1.1}% 8
\BOOKMARK [2][-]{subsection.1.1.7}{\376\377\000E\000j\000e\000r\000c\000i\000c\000i\000o\000\040\0006}{section.1.1}% 9
\BOOKMARK [2][-]{subsection.1.1.8}{\376\377\000E\000j\000e\000r\000c\000i\000c\000i\000o\000\040\0007}{section.1.1}% 10
\BOOKMARK [2][-]{subsection.1.1.9}{\376\377\000E\000j\000e\000r\000c\000i\000c\000i\000o\000\040\0008}{section.1.1}% 11
\BOOKMARK [2][-]{subsection.1.1.10}{\376\377\000E\000j\000e\000r\000c\000i\000c\000i\000o\000\040\0009}{section.1.1}% 12
\BOOKMARK [2][-]{subsection.1.1.11}{\376\377\000E\000j\000e\000r\000c\000i\000c\000i\000o\000\040\0001\0000}{section.1.1}% 13
\BOOKMARK [1][-]{section.1.2}{\376\377\000T\000a\000r\000e\000a\000\040\0002}{chapter.1}% 14
\BOOKMARK [2][-]{subsection.1.2.1}{\376\377\000E\000j\000e\000r\000c\000i\000c\000i\000o\000s\000\040\000d\000e\000\040\000p\000r\000o\000g\000r\000a\000m\000a\000c\000i\000\363\000n\000\040\000e\000n\000\040\000S\000h\000e\000l\000l\000\040\000c\000o\000n\000\040\000w\000h\000i\000l\000e\000,\000\040\000i\000f}{section.1.2}% 15
\BOOKMARK [2][-]{subsection.1.2.2}{\376\377\000E\000j\000e\000r\000c\000i\000c\000i\000o\000\040\0001}{section.1.2}% 16
\BOOKMARK [2][-]{subsection.1.2.3}{\376\377\000E\000j\000e\000r\000c\000i\000c\000i\000o\000\040\0002}{section.1.2}% 17
\BOOKMARK [2][-]{subsection.1.2.4}{\376\377\000E\000j\000e\000r\000c\000i\000c\000i\000o\000\040\0003}{section.1.2}% 18
\BOOKMARK [2][-]{subsection.1.2.5}{\376\377\000E\000j\000e\000r\000c\000i\000c\000i\000o\000\040\0004}{section.1.2}% 19
\BOOKMARK [2][-]{subsection.1.2.6}{\376\377\000E\000j\000e\000r\000c\000i\000c\000i\000o\000\040\0005}{section.1.2}% 20
\BOOKMARK [2][-]{subsection.1.2.7}{\376\377\000E\000j\000e\000r\000c\000i\000c\000i\000o\000\040\0006}{section.1.2}% 21
\BOOKMARK [2][-]{subsection.1.2.8}{\376\377\000E\000j\000e\000r\000c\000i\000c\000i\000o\000\040\0007}{section.1.2}% 22
\BOOKMARK [2][-]{subsection.1.2.9}{\376\377\000E\000j\000e\000r\000c\000i\000c\000i\000o\000\040\0008}{section.1.2}% 23
\BOOKMARK [2][-]{subsection.1.2.10}{\376\377\000E\000j\000e\000r\000c\000i\000c\000i\000o\000\040\0009}{section.1.2}% 24
\BOOKMARK [2][-]{subsection.1.2.11}{\376\377\000E\000j\000e\000r\000c\000i\000c\000i\000o\000\040\0001\0000}{section.1.2}% 25
\BOOKMARK [2][-]{subsection.1.2.12}{\376\377\000E\000j\000e\000r\000c\000i\000c\000i\000o\000\040\0001\0001}{section.1.2}% 26
\BOOKMARK [2][-]{subsection.1.2.13}{\376\377\000E\000j\000e\000r\000c\000i\000c\000i\000o\000\040\0001\0002}{section.1.2}% 27
\BOOKMARK [2][-]{subsection.1.2.14}{\376\377\000E\000j\000e\000r\000c\000i\000c\000i\000o\000\040\0001\0003}{section.1.2}% 28
\BOOKMARK [2][-]{subsection.1.2.15}{\376\377\000E\000j\000e\000r\000c\000i\000c\000i\000o\000\040\0001\0004}{section.1.2}% 29
\BOOKMARK [2][-]{subsection.1.2.16}{\376\377\000E\000j\000e\000r\000c\000i\000c\000i\000o\000\040\0001\0005}{section.1.2}% 30
\BOOKMARK [1][-]{section.1.3}{\376\377\000T\000a\000r\000e\000a\000\040\0003}{chapter.1}% 31
\BOOKMARK [2][-]{subsection.1.3.1}{\376\377\000E\000j\000e\000r\000c\000i\000c\000i\000o\000s\000\040\000d\000e\000\040\000s\000e\000r\000i\000e\000s}{section.1.3}% 32
\BOOKMARK [2][-]{subsection.1.3.2}{\376\377\000E\000j\000e\000r\000c\000i\000c\000i\000o\000\040\0001}{section.1.3}% 33
\BOOKMARK [2][-]{subsection.1.3.3}{\376\377\000E\000j\000e\000r\000c\000i\000c\000i\000o\000\040\0002}{section.1.3}% 34
\BOOKMARK [2][-]{subsection.1.3.4}{\376\377\000E\000j\000e\000r\000c\000i\000c\000i\000o\000\040\0003}{section.1.3}% 35
\BOOKMARK [2][-]{subsection.1.3.5}{\376\377\000E\000j\000e\000r\000c\000i\000c\000i\000o\000\040\0004}{section.1.3}% 36
\BOOKMARK [2][-]{subsection.1.3.6}{\376\377\000E\000j\000e\000r\000c\000i\000c\000i\000o\000\040\0005}{section.1.3}% 37
\BOOKMARK [2][-]{subsection.1.3.7}{\376\377\000E\000j\000e\000r\000c\000i\000c\000i\000o\000\040\0006}{section.1.3}% 38
\BOOKMARK [2][-]{subsection.1.3.8}{\376\377\000E\000j\000e\000r\000c\000i\000c\000i\000o\000\040\0007}{section.1.3}% 39
\BOOKMARK [2][-]{subsection.1.3.9}{\376\377\000E\000j\000e\000r\000c\000i\000c\000i\000o\000\040\0008}{section.1.3}% 40
\BOOKMARK [2][-]{subsection.1.3.10}{\376\377\000E\000j\000e\000r\000c\000i\000c\000i\000o\000\040\0009}{section.1.3}% 41
\BOOKMARK [2][-]{subsection.1.3.11}{\376\377\000E\000j\000e\000r\000c\000i\000c\000i\000o\000\040\0001\0000}{section.1.3}% 42
\BOOKMARK [1][-]{section.1.4}{\376\377\000T\000a\000r\000e\000a\000\040\0004}{chapter.1}% 43
\BOOKMARK [2][-]{subsection.1.4.1}{\376\377\000P\000e\000r\000m\000i\000s\000o\000s\000\040\000n\000u\000m\000e\000r\000i\000c\000o\000s}{section.1.4}% 44
\BOOKMARK [2][-]{subsection.1.4.2}{\376\377\000E\000j\000e\000r\000c\000i\000c\000i\000o\000\040\0001}{section.1.4}% 45
\BOOKMARK [2][-]{subsection.1.4.3}{\376\377\000E\000j\000e\000r\000c\000i\000c\000i\000o\000\040\0002}{section.1.4}% 46
\BOOKMARK [2][-]{subsection.1.4.4}{\376\377\000E\000j\000e\000r\000c\000i\000c\000i\000o\000\040\0003}{section.1.4}% 47
\BOOKMARK [2][-]{subsection.1.4.5}{\376\377\000E\000j\000e\000r\000c\000i\000c\000i\000o\000\040\0004}{section.1.4}% 48
\BOOKMARK [2][-]{subsection.1.4.6}{\376\377\000E\000j\000e\000r\000c\000i\000c\000i\000o\000\040\0005}{section.1.4}% 49
\BOOKMARK [2][-]{subsection.1.4.7}{\376\377\000E\000j\000e\000r\000c\000i\000c\000i\000o\000\040\0006}{section.1.4}% 50
\BOOKMARK [2][-]{subsection.1.4.8}{\376\377\000E\000j\000e\000r\000c\000i\000c\000i\000o\000\040\0007}{section.1.4}% 51
\BOOKMARK [2][-]{subsection.1.4.9}{\376\377\000E\000j\000e\000r\000c\000i\000c\000i\000o\000\040\0008}{section.1.4}% 52
\BOOKMARK [2][-]{subsection.1.4.10}{\376\377\000E\000j\000e\000r\000c\000i\000c\000i\000o\000\040\0009}{section.1.4}% 53
\BOOKMARK [2][-]{subsection.1.4.11}{\376\377\000E\000j\000e\000r\000c\000i\000c\000i\000o\000\040\0001\0000}{section.1.4}% 54
\BOOKMARK [1][-]{section.1.5}{\376\377\000T\000a\000r\000e\000a\000\040\0005}{chapter.1}% 55
\BOOKMARK [2][-]{subsection.1.5.1}{\376\377\000P\000e\000r\000m\000i\000s\000o\000s\000\040\000S\000i\000m\000b\000o\000l\000i\000c\000o\000s}{section.1.5}% 56
\BOOKMARK [2][-]{subsection.1.5.2}{\376\377\000E\000j\000e\000r\000c\000i\000c\000i\000o\000\040\0001}{section.1.5}% 57
\BOOKMARK [2][-]{subsection.1.5.3}{\376\377\000E\000j\000e\000r\000c\000i\000c\000i\000o\000\040\0002}{section.1.5}% 58
\BOOKMARK [2][-]{subsection.1.5.4}{\376\377\000E\000j\000e\000r\000c\000i\000c\000i\000o\000\040\0003}{section.1.5}% 59
\BOOKMARK [2][-]{subsection.1.5.5}{\376\377\000E\000j\000e\000r\000c\000i\000c\000i\000o\000\040\0004}{section.1.5}% 60
\BOOKMARK [2][-]{subsection.1.5.6}{\376\377\000E\000j\000e\000r\000c\000i\000c\000i\000o\000\040\0005}{section.1.5}% 61
\BOOKMARK [2][-]{subsection.1.5.7}{\376\377\000E\000j\000e\000r\000c\000i\000c\000i\000o\000\040\0006}{section.1.5}% 62
\BOOKMARK [2][-]{subsection.1.5.8}{\376\377\000E\000j\000e\000r\000c\000i\000c\000i\000o\000\040\0007}{section.1.5}% 63
\BOOKMARK [2][-]{subsection.1.5.9}{\376\377\000E\000j\000e\000r\000c\000i\000c\000i\000o\000\040\0008}{section.1.5}% 64
\BOOKMARK [2][-]{subsection.1.5.10}{\376\377\000E\000j\000e\000r\000c\000i\000c\000i\000o\000\040\0009}{section.1.5}% 65
\BOOKMARK [2][-]{subsection.1.5.11}{\376\377\000E\000j\000e\000r\000c\000i\000c\000i\000o\000\040\0001\0000}{section.1.5}% 66
\BOOKMARK [1][-]{section.1.6}{\376\377\000T\000a\000r\000e\000a\000\040\0006}{chapter.1}% 67
\BOOKMARK [2][-]{subsection.1.6.1}{\376\377\000E\000j\000e\000r\000c\000i\000c\000i\000o\000s\000\040\000c\000o\000n\000\040\000F\000u\000n\000c\000i\000o\000n\000e\000s}{section.1.6}% 68
\BOOKMARK [2][-]{subsection.1.6.2}{\376\377\000E\000j\000e\000r\000c\000i\000c\000i\000o\000\040\0001}{section.1.6}% 69
\BOOKMARK [2][-]{subsection.1.6.3}{\376\377\000E\000j\000e\000r\000c\000i\000c\000i\000o\000\040\0002}{section.1.6}% 70
\BOOKMARK [2][-]{subsection.1.6.4}{\376\377\000E\000j\000e\000r\000c\000i\000c\000i\000o\000\040\0003}{section.1.6}% 71
\BOOKMARK [2][-]{subsection.1.6.5}{\376\377\000E\000j\000e\000r\000c\000i\000c\000i\000o\000\040\0004}{section.1.6}% 72
\BOOKMARK [2][-]{subsection.1.6.6}{\376\377\000E\000j\000e\000r\000c\000i\000c\000i\000o\000\040\0005}{section.1.6}% 73
\BOOKMARK [2][-]{subsection.1.6.7}{\376\377\000E\000j\000e\000r\000c\000i\000c\000i\000o\000\040\0006}{section.1.6}% 74
\BOOKMARK [2][-]{subsection.1.6.8}{\376\377\000E\000j\000e\000r\000c\000i\000c\000i\000o\000\040\0007}{section.1.6}% 75
\BOOKMARK [2][-]{subsection.1.6.9}{\376\377\000E\000j\000e\000r\000c\000i\000c\000i\000o\000\040\0008}{section.1.6}% 76
\BOOKMARK [2][-]{subsection.1.6.10}{\376\377\000E\000j\000e\000r\000c\000i\000c\000i\000o\000\040\0009}{section.1.6}% 77
\BOOKMARK [2][-]{subsection.1.6.11}{\376\377\000E\000j\000e\000r\000c\000i\000c\000i\000o\000\040\0001\0000}{section.1.6}% 78
